
10/31/2017 10:10:48 AM:Checkout
5/1/2018 1:01:41 PM:Checkout
5/1/2018 1:03:47 PM:Index: Session is null, getting original list
5/3/2018 11:12:35 AM:Index: Session is null, getting original list
5/9/2018 3:54:25 PM:Index: Session is null, getting original list
5/9/2018 3:54:32 PM:Checkout
5/9/2018 3:54:50 PM:List of sites checked back in: 1,3,4,6,7,8,
5/9/2018 3:55:57 PM:List of sites checked back in: 1,3,4,6,7,8,
5/9/2018 3:59:21 PM:List of sites checked back in: 1,3,4,6,7,8,
5/9/2018 4:02:55 PM:List of sites checked back in: 1,3,4,6,7,8,
5/9/2018 4:06:10 PM:List of sites checked back in: 1,3,4,6,7,8,
5/9/2018 4:08:47 PM:List of sites checked back in: 1,3,4,6,7,8,
5/9/2018 4:12:39 PM:List of sites checked back in: 1,3,4,6,7,8,
5/9/2018 4:16:43 PM:List of sites checked back in: 1,3,4,6,7,8,
5/9/2018 4:20:32 PM:List of sites checked back in: 1,3,4,6,7,8,
5/9/2018 4:22:31 PM:List of sites checked back in: 1,3,4,6,7,8,
5/9/2018 4:28:51 PM:Index: Session is null, getting original list
5/9/2018 4:29:24 PM:List of sites checked back in: 1,
5/9/2018 4:34:08 PM:List of sites checked back in: 1,2,
5/9/2018 4:38:15 PM:Index: Session is null, getting original list
5/10/2018 9:03:14 AM:Index: Session is null, getting original list
5/10/2018 9:05:50 AM:Index: Session is null, getting original list
5/10/2018 9:06:06 AM:Index: Session is null, getting original list
5/10/2018 9:06:30 AM:List of sites checked back in: 1,
5/10/2018 9:06:43 AM:Index: getting data from the Session
5/10/2018 9:11:10 AM:List of sites checked back in: 1,
5/10/2018 9:11:14 AM:Index: getting data from the Session
5/10/2018 9:11:27 AM:List of sites checked back in: 1,2,
5/10/2018 9:11:31 AM:Index: getting data from the Session
5/10/2018 9:11:57 AM:Index: Session is null, getting original list
5/10/2018 9:12:18 AM:Index: Session is null, getting original list
5/10/2018 9:12:24 AM:List of sites checked back in: 
5/10/2018 9:14:23 AM:List of sites checked back in: 
5/10/2018 9:14:25 AM:Index: getting data from the Session
